<?xml version="1.0" encoding="UTF-8"?>
<!-- Generated by org.testng.reporters.JUnitReportReporter -->
<testsuite skipped="0" hostname="DESKTOP-9K58VOG" name="TestCase.LearningCenterTest.Credit" tests="1" failures="0" timestamp="22 五月 2018 13:37:13 GMT" time="8.910" errors="0">
  <testcase name="creditTest" time="8.910" classname="TestCase.LearningCenterTest.Credit"/>
</testsuite> <!-- TestCase.LearningCenterTest.Credit -->
