<?xml version="1.0" encoding="UTF-8"?>
<!-- Generated by org.testng.reporters.JUnitReportReporter -->
<testsuite skipped="0" hostname="DESKTOP-9K58VOG" name="TestCase.LearningCenterTest.PublicAwareness" tests="1" failures="0" timestamp="07 六月 2018 09:33:22 GMT" time="6.833" errors="0">
  <testcase name="publicAwarenessTest" time="6.833" classname="TestCase.LearningCenterTest.PublicAwareness"/>
</testsuite> <!-- TestCase.LearningCenterTest.PublicAwareness -->
