<?xml version="1.0" encoding="UTF-8"?>
<!-- Generated by org.testng.reporters.JUnitReportReporter -->
<testsuite skipped="0" hostname="DESKTOP-9K58VOG" name="TestCase.LearningCenterTest.MultimediaAccountingVideo" tests="1" failures="0" timestamp="22 五月 2018 13:37:12 GMT" time="7.034" errors="0">
  <testcase name="multimediaAccountingVideoTest" time="7.034" classname="TestCase.LearningCenterTest.MultimediaAccountingVideo"/>
</testsuite> <!-- TestCase.LearningCenterTest.MultimediaAccountingVideo -->
