<?xml version="1.0" encoding="UTF-8"?>
<!-- Generated by org.testng.reporters.JUnitReportReporter -->
<testsuite skipped="0" hostname="DESKTOP-9K58VOG" name="TestCase.ResourceTest.ChineseNumericValueOrFact" tests="1" failures="0" timestamp="22 五月 2018 13:37:12 GMT" time="3.361" errors="0">
  <testcase name="chineseNumericValueOrFactTest" time="3.361" classname="TestCase.ResourceTest.ChineseNumericValueOrFact"/>
</testsuite> <!-- TestCase.ResourceTest.ChineseNumericValueOrFact -->
