<?xml version="1.0" encoding="UTF-8"?>
<!-- Generated by org.testng.reporters.JUnitReportReporter -->
<testsuite skipped="0" hostname="DESKTOP-9K58VOG" name="TestCase.ResourceTest.OffcampusAccess" tests="1" failures="0" timestamp="22 五月 2018 05:37:02 GMT" time="1.215" errors="0">
  <testcase name="offcampusAccessTest" time="1.215" classname="TestCase.ResourceTest.OffcampusAccess"/>
</testsuite> <!-- TestCase.ResourceTest.OffcampusAccess -->
