<?xml version="1.0" encoding="UTF-8"?>
<!-- Generated by org.testng.reporters.JUnitReportReporter -->
<testsuite skipped="0" hostname="DESKTOP-9K58VOG" name="TestCase.ServiceTest.ReservationService" tests="1" failures="0" timestamp="22 五月 2018 09:39:48 GMT" time="3.001" errors="0">
  <testcase name="reservationServiceTest" time="3.001" classname="TestCase.ServiceTest.ReservationService"/>
</testsuite> <!-- TestCase.ServiceTest.ReservationService -->
