<?xml version="1.0" encoding="UTF-8"?>
<!-- Generated by org.testng.reporters.JUnitReportReporter -->
<testsuite skipped="0" hostname="DESKTOP-9K58VOG" name="TestCase.ServiceTest.TeachingAndTraining" tests="1" failures="0" timestamp="22 五月 2018 05:37:02 GMT" time="2.134" errors="0">
  <testcase name="teachingAndTrainingTest" time="2.134" classname="TestCase.ServiceTest.TeachingAndTraining"/>
</testsuite> <!-- TestCase.ServiceTest.TeachingAndTraining -->
