<?xml version="1.0" encoding="UTF-8"?>
<!-- Generated by org.testng.reporters.JUnitReportReporter -->
<testsuite skipped="0" hostname="DESKTOP-9K58VOG" name="TestCase.ServiceTest.PatentService" tests="1" failures="0" timestamp="07 六月 2018 09:33:22 GMT" time="5.044" errors="0">
  <testcase name="patentServicekTest" time="5.044" classname="TestCase.ServiceTest.PatentService"/>
</testsuite> <!-- TestCase.ServiceTest.PatentService -->
