<?xml version="1.0" encoding="UTF-8"?>
<!-- Generated by org.testng.reporters.JUnitReportReporter -->
<testsuite skipped="0" hostname="DESKTOP-9K58VOG" name="TestCase.RecommendationTest.ThemeRecommendation" tests="1" failures="0" timestamp="22 五月 2018 13:37:12 GMT" time="6.684" errors="0">
  <testcase name="themeRecommendationTest" time="6.684" classname="TestCase.RecommendationTest.ThemeRecommendation"/>
</testsuite> <!-- TestCase.RecommendationTest.ThemeRecommendation -->
