<?xml version="1.0" encoding="UTF-8"?>
<!-- Generated by org.testng.reporters.JUnitReportReporter -->
<testsuite skipped="0" hostname="DESKTOP-9K58VOG" name="TestCase.ServiceTest.PatentService" tests="1" failures="0" timestamp="03 六月 2018 05:50:00 GMT" time="1.208" errors="0">
  <testcase name="patentServicekTest" time="1.208" classname="TestCase.ServiceTest.PatentService"/>
</testsuite> <!-- TestCase.ServiceTest.PatentService -->
