<?xml version="1.0" encoding="UTF-8"?>
<!-- Generated by org.testng.reporters.JUnitReportReporter -->
<testsuite skipped="0" hostname="DESKTOP-9K58VOG" name="TestCase.ServiceTest.PatentService" tests="1" failures="0" timestamp="22 五月 2018 05:37:02 GMT" time="1.580" errors="0">
  <testcase name="patentServicekTest" time="1.580" classname="TestCase.ServiceTest.PatentService"/>
</testsuite> <!-- TestCase.ServiceTest.PatentService -->
