<?xml version="1.0" encoding="UTF-8"?>
<!-- Generated by org.testng.reporters.JUnitReportReporter -->
<testsuite skipped="0" hostname="DESKTOP-9K58VOG" name="TestCase.LearningCenterTest.EddieCorsonMedia" tests="1" failures="0" timestamp="22 五月 2018 13:37:12 GMT" time="3.329" errors="0">
  <testcase name="eddieCorsonMediaTest" time="3.329" classname="TestCase.LearningCenterTest.EddieCorsonMedia"/>
</testsuite> <!-- TestCase.LearningCenterTest.EddieCorsonMedia -->
