<?xml version="1.0" encoding="UTF-8"?>
<!-- Generated by org.testng.reporters.JUnitReportReporter -->
<testsuite skipped="0" hostname="DESKTOP-9K58VOG" name="TestCase.Login" tests="1" failures="0" timestamp="09 五月 2018 07:54:21 GMT" time="13.927" errors="0">
  <testcase name="login" time="13.927" classname="TestCase.Login"/>
</testsuite> <!-- TestCase.Login -->
