<?xml version="1.0" encoding="UTF-8"?>
<!-- Generated by org.testng.reporters.JUnitReportReporter -->
<testsuite skipped="0" hostname="DESKTOP-9K58VOG" name="TestCase.ResourceTest.DissertationsAndTheses" tests="1" failures="0" timestamp="03 六月 2018 05:50:00 GMT" time="10.229" errors="0">
  <testcase name="dissertationsAndThesesTest" time="10.229" classname="TestCase.ResourceTest.DissertationsAndTheses"/>
</testsuite> <!-- TestCase.ResourceTest.DissertationsAndTheses -->
