<?xml version="1.0" encoding="UTF-8"?>
<!-- Generated by org.testng.reporters.JUnitReportReporter -->
<testsuite skipped="0" hostname="DESKTOP-9K58VOG" name="TestCase.ActivityTest.Other" tests="1" failures="0" timestamp="22 五月 2018 09:39:48 GMT" time="8.661" errors="0">
  <testcase name="otherTest" time="8.661" classname="TestCase.ActivityTest.Other"/>
</testsuite> <!-- TestCase.ActivityTest.Other -->
