<?xml version="1.0" encoding="UTF-8"?>
<!-- Generated by org.testng.reporters.JUnitReportReporter -->
<testsuite skipped="0" hostname="DESKTOP-9K58VOG" name="TestCase.ActivityTest.Lecture" tests="1" failures="0" timestamp="22 五月 2018 05:37:02 GMT" time="3.814" errors="0">
  <testcase name="lectureTest" time="3.814" classname="TestCase.ActivityTest.Lecture"/>
</testsuite> <!-- TestCase.ActivityTest.Lecture -->
