<?xml version="1.0" encoding="UTF-8"?>
<!-- Generated by org.testng.reporters.JUnitReportReporter -->
<testsuite skipped="0" hostname="DESKTOP-9K58VOG" name="TestCase.ResourceTest.ChinesePeriodicalNewspaper" tests="1" failures="0" timestamp="22 五月 2018 13:37:13 GMT" time="9.059" errors="0">
  <testcase name="chinesePeriodicalNewspaperTest" time="9.059" classname="TestCase.ResourceTest.ChinesePeriodicalNewspaper"/>
</testsuite> <!-- TestCase.ResourceTest.ChinesePeriodicalNewspaper -->
