<?xml version="1.0" encoding="UTF-8"?>
<!-- Generated by org.testng.reporters.JUnitReportReporter -->
<testsuite skipped="0" hostname="DESKTOP-9K58VOG" name="TestCase.ServiceTest.ReaderService" tests="1" failures="0" timestamp="07 六月 2018 09:33:22 GMT" time="17.613" errors="0">
  <testcase name="readerServiceTest" time="17.613" classname="TestCase.ServiceTest.ReaderService"/>
</testsuite> <!-- TestCase.ServiceTest.ReaderService -->
