<?xml version="1.0" encoding="UTF-8"?>
<!-- Generated by org.testng.reporters.JUnitReportReporter -->
<testsuite skipped="0" hostname="DESKTOP-9K58VOG" name="TestCase.ServiceTest.DocumentDelivery" tests="1" failures="0" timestamp="22 五月 2018 13:37:12 GMT" time="2.030" errors="0">
  <testcase name="documentDeliveryTest" time="2.030" classname="TestCase.ServiceTest.DocumentDelivery"/>
</testsuite> <!-- TestCase.ServiceTest.DocumentDelivery -->
