<?xml version="1.0" encoding="UTF-8"?>
<!-- Generated by org.testng.reporters.JUnitReportReporter -->
<testsuite skipped="0" hostname="DESKTOP-9K58VOG" name="TestCase.LearningCenterTest.StartPoint" tests="1" failures="0" timestamp="03 六月 2018 05:50:00 GMT" time="4.927" errors="0">
  <testcase name="startPointTest" time="4.927" classname="TestCase.LearningCenterTest.StartPoint"/>
</testsuite> <!-- TestCase.LearningCenterTest.StartPoint -->
