<?xml version="1.0" encoding="UTF-8"?>
<!-- Generated by org.testng.reporters.JUnitReportReporter -->
<testsuite skipped="0" hostname="DESKTOP-9K58VOG" name="TestCase.ActivityTest.Activity" tests="1" failures="0" timestamp="07 六月 2018 09:33:22 GMT" time="6.585" errors="0">
  <testcase name="activityTest" time="6.585" classname="TestCase.ActivityTest.Activity"/>
</testsuite> <!-- TestCase.ActivityTest.Activity -->
