<?xml version="1.0" encoding="UTF-8"?>
<!-- Generated by org.testng.reporters.JUnitReportReporter -->
<testsuite skipped="0" hostname="DESKTOP-9K58VOG" name="TestCase.RecommendationTest.ThemeRecommendation" tests="1" failures="0" timestamp="22 五月 2018 09:39:48 GMT" time="9.284" errors="0">
  <testcase name="themeRecommendationTest" time="9.284" classname="TestCase.RecommendationTest.ThemeRecommendation"/>
</testsuite> <!-- TestCase.RecommendationTest.ThemeRecommendation -->
