<?xml version="1.0" encoding="UTF-8"?>
<!-- Generated by org.testng.reporters.JUnitReportReporter -->
<testsuite skipped="0" hostname="DESKTOP-9K58VOG" name="TestCase.AccountRelatedTest.Login" tests="1" failures="0" timestamp="22 五月 2018 05:37:02 GMT" time="7.547" errors="0">
  <testcase name="loginTest" time="7.547" classname="TestCase.AccountRelatedTest.Login"/>
</testsuite> <!-- TestCase.AccountRelatedTest.Login -->
