<?xml version="1.0" encoding="UTF-8"?>
<!-- Generated by org.testng.reporters.JUnitReportReporter -->
<testsuite skipped="0" hostname="DESKTOP-9K58VOG" name="TestCase.ActivityTest.Appreciate" tests="1" failures="0" timestamp="03 六月 2018 05:50:00 GMT" time="3.532" errors="0">
  <testcase name="appreciateTest" time="3.532" classname="TestCase.ActivityTest.Appreciate"/>
</testsuite> <!-- TestCase.ActivityTest.Appreciate -->
