<?xml version="1.0" encoding="UTF-8"?>
<!-- Generated by org.testng.reporters.JUnitReportReporter -->
<testsuite skipped="0" hostname="DESKTOP-9K58VOG" name="TestCase.ServiceTest.DocumentDelivery" tests="1" failures="0" timestamp="22 五月 2018 12:28:35 GMT" time="1.763" errors="0">
  <testcase name="documentDeliveryTest" time="1.763" classname="TestCase.ServiceTest.DocumentDelivery"/>
</testsuite> <!-- TestCase.ServiceTest.DocumentDelivery -->
