<?xml version="1.0" encoding="UTF-8"?>
<!-- Generated by org.testng.reporters.JUnitReportReporter -->
<testsuite skipped="0" hostname="DESKTOP-9K58VOG" name="TestCase.LearningCenterTest.EddieCorsonMedia" tests="1" failures="0" timestamp="22 五月 2018 12:28:35 GMT" time="4.268" errors="0">
  <testcase name="eddieCorsonMediaTest" time="4.268" classname="TestCase.LearningCenterTest.EddieCorsonMedia"/>
</testsuite> <!-- TestCase.LearningCenterTest.EddieCorsonMedia -->
